Arguments: 
  C:\Program Files\nodejs\node.exe C:\Users\ryans\AppData\Roaming\npm\node_modules\yarn\bin\yarn.js install

PATH: 
  C:\Program Files\Common Files\Oracle\Java\javapath;C:\WINDOWS\system32;C:\WINDOWS;C:\WINDOWS\System32\Wbem;C:\WINDOWS\System32\WindowsPowerShell\v1.0\;C:\WINDOWS\System32\OpenSSH\;C:\Program Files\Java\jdk-20\bin;C:\Program Files\nodejs\;C:\Program Files\MySQL\MySQL Shell 8.0\bin\;C:\Users\ryans\AppData\Local\Microsoft\WindowsApps;;C:\Users\ryans\AppData\Local\Programs\Microsoft VS Code\bin;C:\Users\ryans\AppData\Roaming\npm

Yarn version: 
  1.22.19

Node version: 
  18.17.0

Platform: 
  win32 x64

Trace: 
  Error: EPERM: operation not permitted, unlink 'C:\Users\ryans\OneDrive\Documentos\Ryan_2DT\pwfe\galleryOfHistory\galleryOfHistory\node_modules\@esbuild\win32-x64\esbuild.exe'

npm manifest: 
  {
    "name": "galleryofhistory",
    "private": true,
    "version": "0.0.0",
    "type": "module",
    "scripts": {
      "dev": "vite",
      "build": "vite build",
      "lint": "eslint . --ext js,jsx --report-unused-disable-directives --max-warnings 0",
      "preview": "vite preview"
    },
    "dependencies": {
      "aos": "^2.3.4",
      "axios": "^1.5.1",
      "react": "^18.2.0",
      "react-dom": "^18.2.0",
      "yarn": "^1.22.19"
    },
    "devDependencies": {
      "@types/react": "^18.2.15",
      "@types/react-dom": "^18.2.7",
      "@vitejs/plugin-react": "^4.0.3",
      "eslint": "^8.45.0",
      "eslint-plugin-react": "^7.32.2",
      "eslint-plugin-react-hooks": "^4.6.0",
      "eslint-plugin-react-refresh": "^0.4.3",
      "vite": "^4.4.11"
    }
  }

yarn manifest: 
  No manifest

Lockfile: 
  No lockfile
